<?xml version="1.0" encoding="UTF-8"?>
<!-- Generated by org.testng.reporters.JUnitReportReporter -->
<testsuite hostname="DESKTOP-O213TSE" failures="0" tests="1" name="com.stackroute.selenium.gridTest.FirefoxLoginTest" time="0.960" errors="0" timestamp="2021-02-05T15:47:40 IST" skipped="0">
  <testcase classname="com.stackroute.selenium.gridTest.FirefoxLoginTest" name="verifyLogin" time="0.960"/>
  <system-out/>
</testsuite> <!-- com.stackroute.selenium.gridTest.FirefoxLoginTest -->
