<?xml version="1.0" encoding="UTF-8"?>
<!-- Generated by org.testng.reporters.JUnitReportReporter -->
<testsuite hostname="ip-172-31-47-190" failures="0" tests="1" name="com.stackroute.seleniumPOM.TestPages.SearchPageTest" time="17.178" errors="0" timestamp="2021-02-09T18:23:48 UTC" skipped="0">
  <testcase classname="com.stackroute.seleniumPOM.TestPages.SearchPageTest" name="searchPage" time="17.178"/>
  <system-out/>
</testsuite> <!-- com.stackroute.seleniumPOM.TestPages.SearchPageTest -->
